0.000 [ Info   ][Logger] No ORO_LOGLEVEL environment variable set.
0.000 [ Info   ][Logger]  OROCOS version '2.8.3' compiled with GCC 9.4.0. Running in GNU/Linux.
0.000 [ Info   ][Logger] Orocos Logging Activated at level : [ Warning] ( 4 ) 
0.000 [ Info   ][Logger] Reference System Time is : 9693482210943 ticks ( 9693.48 seconds ).
0.000 [ Info   ][Logger] Logging is relative to this time.
0.000 [ Info   ][ThreadOrb] Starting Orb in a thread.
0.000 [ Info   ][Thread] Creating Thread for scheduler=ORO_SCHED_OTHER, priority=1, CPU affinity=0, with name='Activity'
0.001 [ Info   ][Activity] Thread created with scheduler type 'ORO_SCHED_OTHER', priority 0, cpu affinity 255 and period 0 (PID= 35074 ).
0.001 [ Info   ][TypekitRepository::Import] Loading Typekit std.
0.001 [ Info   ][OrbRunner] Entering orb->run().
0.001 [ Info   ][TypekitRepository::Import] Loading Transport CORBA:///orogen/std.
0.001 [ Info   ][TypekitRepository::Import] Registered new 'CORBA' transport for /bool
0.001 [ Info   ][TypekitRepository::Import] Registered new 'CORBA' transport for /double
0.001 [ Info   ][TypekitRepository::Import] Registered new 'CORBA' transport for /float
0.001 [ Info   ][TypekitRepository::Import] Registered new 'CORBA' transport for /int16_t
0.001 [ Info   ][TypekitRepository::Import] Registered new 'CORBA' transport for /int32_t
0.001 [ Info   ][TypekitRepository::Import] Registered new 'CORBA' transport for /int64_t
0.001 [ Info   ][TypekitRepository::Import] Registered new 'CORBA' transport for /int8_t
0.001 [ Info   ][TypekitRepository::Import] Registered new 'CORBA' transport for /metadata/TaskContext
0.001 [ Info   ][TypekitRepository::Import] Registered new 'CORBA' transport for /std/string
0.001 [ Info   ][TypekitRepository::Import] Registered new 'CORBA' transport for /std/vector</double>
0.001 [ Info   ][TypekitRepository::Import] Registered new 'CORBA' transport for /uint16_t
0.001 [ Info   ][TypekitRepository::Import] Registered new 'CORBA' transport for /uint32_t
0.001 [ Info   ][TypekitRepository::Import] Registered new 'CORBA' transport for /uint64_t
0.001 [ Info   ][TypekitRepository::Import] Registered new 'CORBA' transport for /uint8_t
0.007 [ Info   ][TypekitRepository::Import] Loading Transport MQueue:///orogen/std.
0.008 [ Info   ][TypekitRepository::Import] Registered new 'MQueue' transport for /bool
0.008 [ Info   ][TypekitRepository::Import] Registered new 'MQueue' transport for /double
0.008 [ Info   ][TypekitRepository::Import] Registered new 'MQueue' transport for /float
0.008 [ Info   ][TypekitRepository::Import] Registered new 'MQueue' transport for /int16_t
0.008 [ Info   ][TypekitRepository::Import] Registered new 'MQueue' transport for /int32_t
0.008 [ Info   ][TypekitRepository::Import] Registered new 'MQueue' transport for /int64_t
0.008 [ Info   ][TypekitRepository::Import] Registered new 'MQueue' transport for /int8_t
0.008 [ Info   ][TypekitRepository::Import] Registered new 'MQueue' transport for /metadata/TaskContext
0.008 [ Info   ][TypekitRepository::Import] Registered new 'MQueue' transport for /std/string
0.008 [ Info   ][TypekitRepository::Import] Registered new 'MQueue' transport for /std/vector</double>
0.008 [ Info   ][TypekitRepository::Import] Registered new 'MQueue' transport for /uint16_t
0.008 [ Info   ][TypekitRepository::Import] Registered new 'MQueue' transport for /uint32_t
0.008 [ Info   ][TypekitRepository::Import] Registered new 'MQueue' transport for /uint64_t
0.009 [ Info   ][TypekitRepository::Import] Registered new 'MQueue' transport for /uint8_t
0.009 [ Info   ][TypekitRepository::Import] Loading Transport Typelib:///orogen/std.
0.011 [ Info   ][TypekitRepository::Import] Registered new 'Typelib' transport for /bool
0.011 [ Info   ][TypekitRepository::Import] Registered new 'Typelib' transport for /double
0.011 [ Info   ][TypekitRepository::Import] Registered new 'Typelib' transport for /float
0.011 [ Info   ][TypekitRepository::Import] Registered new 'Typelib' transport for /int16_t
0.011 [ Info   ][TypekitRepository::Import] Registered new 'Typelib' transport for /int32_t
0.011 [ Info   ][TypekitRepository::Import] Registered new 'Typelib' transport for /int64_t
0.011 [ Info   ][TypekitRepository::Import] Registered new 'Typelib' transport for /int8_t
0.011 [ Info   ][TypekitRepository::Import] Registered new 'Typelib' transport for /metadata/TaskContext
0.011 [ Info   ][TypekitRepository::Import] Registered new 'Typelib' transport for /std/string
0.011 [ Info   ][TypekitRepository::Import] Registered new 'Typelib' transport for /std/vector</double>
0.011 [ Info   ][TypekitRepository::Import] Registered new 'Typelib' transport for /uint16_t
0.011 [ Info   ][TypekitRepository::Import] Registered new 'Typelib' transport for /uint32_t
0.011 [ Info   ][TypekitRepository::Import] Registered new 'Typelib' transport for /uint64_t
0.011 [ Info   ][TypekitRepository::Import] Registered new 'Typelib' transport for /uint8_t
0.011 [ Info   ][TypekitRepository::Import] Loading Typekit base.
0.013 [ Info   ][TypekitRepository::Import] Registered new 'MQueue' transport for /std/string
0.014 [ Info   ][TypekitRepository::Import] Loading Transport CORBA:///orogen/base.
0.014 [ Info   ][TypekitRepository::Import] Registered new 'CORBA' transport for /RTT/extras/ReadOnlyPointer</base/samples/frame/Frame>
0.014 [ Info   ][TypekitRepository::Import] Registered new 'CORBA' transport for /RTT/extras/ReadOnlyPointer</base/samples/frame/FramePair>
0.014 [ Info   ][TypekitRepository::Import] Registered new 'CORBA' transport for /base/Acceleration
0.014 [ Info   ][TypekitRepository::Import] Registered new 'CORBA' transport for /base/Affine3d
0.014 [ Info   ][TypekitRepository::Import] Registered new 'CORBA' transport for /base/Angle
0.014 [ Info   ][TypekitRepository::Import] Registered new 'CORBA' transport for /base/AngleAxisd
0.014 [ Info   ][TypekitRepository::Import] Registered new 'CORBA' transport for /base/JointLimits
0.014 [ Info   ][TypekitRepository::Import] Registered new 'CORBA' transport for /base/JointState
0.014 [ Info   ][TypekitRepository::Import] Registered new 'CORBA' transport for /base/JointState/MODE
0.014 [ Info   ][TypekitRepository::Import] Registered new 'CORBA' transport for /base/JointTransform
0.014 [ Info   ][TypekitRepository::Import] Registered new 'CORBA' transport for /base/JointTransformVector
0.014 [ Info   ][TypekitRepository::Import] Registered new 'CORBA' transport for /base/JointsTrajectory
0.014 [ Info   ][TypekitRepository::Import] Registered new 'CORBA' transport for /base/Matrix2d
0.014 [ Info   ][TypekitRepository::Import] Registered new 'CORBA' transport for /base/Matrix3d
0.014 [ Info   ][TypekitRepository::Import] Registered new 'CORBA' transport for /base/Matrix4d
0.014 [ Info   ][TypekitRepository::Import] Registered new 'CORBA' transport for /base/Matrix6d
0.014 [ Info   ][TypekitRepository::Import] Registered new 'CORBA' transport for /base/MatrixXd
0.014 [ Info   ][TypekitRepository::Import] Registered new 'CORBA' transport for /base/Pose
0.014 [ Info   ][TypekitRepository::Import] Registered new 'CORBA' transport for /base/Pressure
0.014 [ Info   ][TypekitRepository::Import] Registered new 'CORBA' transport for /base/Quaterniond
0.014 [ Info   ][TypekitRepository::Import] Registered new 'CORBA' transport for /base/Temperature
0.015 [ Info   ][TypekitRepository::Import] Registered new 'CORBA' transport for /base/Time
0.015 [ Info   ][TypekitRepository::Import] Registered new 'CORBA' transport for /base/Trajectory
0.015 [ Info   ][TypekitRepository::Import] Registered new 'CORBA' transport for /base/TransformWithCovariance
0.015 [ Info   ][TypekitRepository::Import] Registered new 'CORBA' transport for /base/Twist
0.015 [ Info   ][TypekitRepository::Import] Registered new 'CORBA' transport for /base/TwistWithCovariance
0.015 [ Info   ][TypekitRepository::Import] Registered new 'CORBA' transport for /base/Vector2d
0.015 [ Info   ][TypekitRepository::Import] Registered new 'CORBA' transport for /base/Vector3d
0.015 [ Info   ][TypekitRepository::Import] Registered new 'CORBA' transport for /base/Vector4d
0.015 [ Info   ][TypekitRepository::Import] Registered new 'CORBA' transport for /base/Vector6d
0.015 [ Info   ][TypekitRepository::Import] Registered new 'CORBA' transport for /base/VectorXd
0.015 [ Info   ][TypekitRepository::Import] Registered new 'CORBA' transport for /base/Waypoint
0.015 [ Info   ][TypekitRepository::Import] Registered new 'CORBA' transport for /base/Wrench
0.015 [ Info   ][TypekitRepository::Import] Registered new 'CORBA' transport for /base/commands/LinearAngular6DCommand
0.015 [ Info   ][TypekitRepository::Import] Registered new 'CORBA' transport for /base/commands/Motion2D
0.015 [ Info   ][TypekitRepository::Import] Registered new 'CORBA' transport for /base/commands/Speed6D
0.015 [ Info   ][TypekitRepository::Import] Registered new 'CORBA' transport for /base/geometry/Spline<1>
0.015 [ Info   ][TypekitRepository::Import] Registered new 'CORBA' transport for /base/geometry/Spline<3>
0.015 [ Info   ][TypekitRepository::Import] Registered new 'CORBA' transport for /base/samples/Acceleration
0.015 [ Info   ][TypekitRepository::Import] Registered new 'CORBA' transport for /base/samples/BodyState
0.015 [ Info   ][TypekitRepository::Import] Registered new 'CORBA' transport for /base/samples/BoundingBox
0.015 [ Info   ][TypekitRepository::Import] Registered new 'CORBA' transport for /base/samples/DepthMap
0.015 [ Info   ][TypekitRepository::Import] Registered new 'CORBA' transport for /base/samples/DistanceImage
0.015 [ Info   ][TypekitRepository::Import] Registered new 'CORBA' transport for /base/samples/Event
0.015 [ Info   ][TypekitRepository::Import] Registered new 'CORBA' transport for /base/samples/EventArray
0.015 [ Info   ][TypekitRepository::Import] Registered new 'CORBA' transport for /base/samples/IMUSensors
0.015 [ Info   ][TypekitRepository::Import] Registered new 'CORBA' transport for /base/samples/Joints
0.015 [ Info   ][TypekitRepository::Import] Registered new 'CORBA' transport for /base/samples/LaserScan
0.015 [ Info   ][TypekitRepository::Import] Registered new 'CORBA' transport for /base/samples/Motion2D
0.015 [ Info   ][TypekitRepository::Import] Registered new 'CORBA' transport for /base/samples/OrientedBoundingBox
0.015 [ Info   ][TypekitRepository::Import] Registered new 'CORBA' transport for /base/samples/Pointcloud
0.015 [ Info   ][TypekitRepository::Import] Registered new 'CORBA' transport for /base/samples/PoseWithCovariance
0.015 [ Info   ][TypekitRepository::Import] Registered new 'CORBA' transport for /base/samples/Pressure
0.015 [ Info   ][TypekitRepository::Import] Registered new 'CORBA' transport for /base/samples/RigidBodyAcceleration
0.016 [ Info   ][TypekitRepository::Import] Registered new 'CORBA' transport for /base/samples/RigidBodyState
0.016 [ Info   ][TypekitRepository::Import] Registered new 'CORBA' transport for /base/samples/RigidBodyStateSE3
0.016 [ Info   ][TypekitRepository::Import] Registered new 'CORBA' transport for /base/samples/RigidBodyStateSE3Vector
0.016 [ Info   ][TypekitRepository::Import] Registered new 'CORBA' transport for /base/samples/Sonar
0.016 [ Info   ][TypekitRepository::Import] Registered new 'CORBA' transport for /base/samples/SonarBeam
0.016 [ Info   ][TypekitRepository::Import] Registered new 'CORBA' transport for /base/samples/SonarScan
0.016 [ Info   ][TypekitRepository::Import] Registered new 'CORBA' transport for /base/samples/Temperature
0.016 [ Info   ][TypekitRepository::Import] Registered new 'CORBA' transport for /base/samples/Twist
0.016 [ Info   ][TypekitRepository::Import] Registered new 'CORBA' transport for /base/samples/Wrench
0.016 [ Info   ][TypekitRepository::Import] Registered new 'CORBA' transport for /base/samples/Wrenches
0.016 [ Info   ][TypekitRepository::Import] Registered new 'CORBA' transport for /base/samples/frame/Frame
0.016 [ Info   ][TypekitRepository::Import] Registered new 'CORBA' transport for /base/samples/frame/FramePair
0.016 [ Info   ][TypekitRepository::Import] Registered new 'CORBA' transport for /base/samples/frame/frame_mode_t
0.016 [ Info   ][TypekitRepository::Import] Registered new 'CORBA' transport for /std/vector</base/Time>
0.016 [ Info   ][TypekitRepository::Import] Registered new 'CORBA' transport for /std/vector</base/Trajectory>
0.016 [ Info   ][TypekitRepository::Import] Registered new 'CORBA' transport for /std/vector</base/Vector3d>
0.016 [ Info   ][TypekitRepository::Import] Registered new 'CORBA' transport for /std/vector</base/Vector4d>
0.016 [ Info   ][TypekitRepository::Import] Registered new 'CORBA' transport for /std/vector</base/Waypoint>
0.016 [ Info   ][TypekitRepository::Import] Registered new 'CORBA' transport for /std/vector</base/samples/BoundingBox>
0.016 [ Info   ][TypekitRepository::Import] Registered new 'CORBA' transport for /std/vector</base/samples/OrientedBoundingBox>
0.016 [ Info   ][TypekitRepository::Import] Registered new 'CORBA' transport for /std/vector</std/string>
0.016 [ Info   ][TypekitRepository::Import] Registered new 'CORBA' transport for /std/vector</uint32_t>
0.035 [ Info   ][TypekitRepository::Import] Loading Transport MQueue:///orogen/base.
0.035 [ Info   ][TypekitRepository::Import] Registered new 'MQueue' transport for /RTT/extras/ReadOnlyPointer</base/samples/frame/Frame>
0.036 [ Info   ][TypekitRepository::Import] Registered new 'MQueue' transport for /RTT/extras/ReadOnlyPointer</base/samples/frame/FramePair>
0.036 [ Info   ][TypekitRepository::Import] Registered new 'MQueue' transport for /base/Acceleration
0.036 [ Info   ][TypekitRepository::Import] Registered new 'MQueue' transport for /base/Affine3d
0.036 [ Info   ][TypekitRepository::Import] Registered new 'MQueue' transport for /base/Angle
0.036 [ Info   ][TypekitRepository::Import] Registered new 'MQueue' transport for /base/AngleAxisd
0.036 [ Info   ][TypekitRepository::Import] Registered new 'MQueue' transport for /base/JointLimits
0.036 [ Info   ][TypekitRepository::Import] Registered new 'MQueue' transport for /base/JointState
0.036 [ Info   ][TypekitRepository::Import] Registered new 'MQueue' transport for /base/JointState/MODE
0.036 [ Info   ][TypekitRepository::Import] Registered new 'MQueue' transport for /base/JointTransform
0.036 [ Info   ][TypekitRepository::Import] Registered new 'MQueue' transport for /base/JointTransformVector
0.037 [ Info   ][TypekitRepository::Import] Registered new 'MQueue' transport for /base/JointsTrajectory
0.037 [ Info   ][TypekitRepository::Import] Registered new 'MQueue' transport for /base/Matrix2d
0.037 [ Info   ][TypekitRepository::Import] Registered new 'MQueue' transport for /base/Matrix3d
0.037 [ Info   ][TypekitRepository::Import] Registered new 'MQueue' transport for /base/Matrix4d
0.037 [ Info   ][TypekitRepository::Import] Registered new 'MQueue' transport for /base/Matrix6d
0.037 [ Info   ][TypekitRepository::Import] Registered new 'MQueue' transport for /base/MatrixXd
0.037 [ Info   ][TypekitRepository::Import] Registered new 'MQueue' transport for /base/Pose
0.037 [ Info   ][TypekitRepository::Import] Registered new 'MQueue' transport for /base/Pressure
0.037 [ Info   ][TypekitRepository::Import] Registered new 'MQueue' transport for /base/Quaterniond
0.037 [ Info   ][TypekitRepository::Import] Registered new 'MQueue' transport for /base/Temperature
0.037 [ Info   ][TypekitRepository::Import] Registered new 'MQueue' transport for /base/Time
0.037 [ Info   ][TypekitRepository::Import] Registered new 'MQueue' transport for /base/Trajectory
0.037 [ Info   ][TypekitRepository::Import] Registered new 'MQueue' transport for /base/TransformWithCovariance
0.037 [ Info   ][TypekitRepository::Import] Registered new 'MQueue' transport for /base/Twist
0.037 [ Info   ][TypekitRepository::Import] Registered new 'MQueue' transport for /base/TwistWithCovariance
0.037 [ Info   ][TypekitRepository::Import] Registered new 'MQueue' transport for /base/Vector2d
0.037 [ Info   ][TypekitRepository::Import] Registered new 'MQueue' transport for /base/Vector3d
0.037 [ Info   ][TypekitRepository::Import] Registered new 'MQueue' transport for /base/Vector4d
0.038 [ Info   ][TypekitRepository::Import] Registered new 'MQueue' transport for /base/Vector6d
0.038 [ Info   ][TypekitRepository::Import] Registered new 'MQueue' transport for /base/VectorXd
0.038 [ Info   ][TypekitRepository::Import] Registered new 'MQueue' transport for /base/Waypoint
0.038 [ Info   ][TypekitRepository::Import] Registered new 'MQueue' transport for /base/Wrench
0.038 [ Info   ][TypekitRepository::Import] Registered new 'MQueue' transport for /base/commands/LinearAngular6DCommand
0.038 [ Info   ][TypekitRepository::Import] Registered new 'MQueue' transport for /base/commands/Motion2D
0.038 [ Info   ][TypekitRepository::Import] Registered new 'MQueue' transport for /base/commands/Speed6D
0.038 [ Info   ][TypekitRepository::Import] Registered new 'MQueue' transport for /base/geometry/Spline<1>
0.038 [ Info   ][TypekitRepository::Import] Registered new 'MQueue' transport for /base/geometry/Spline<3>
0.038 [ Info   ][TypekitRepository::Import] Registered new 'MQueue' transport for /base/samples/Acceleration
0.038 [ Info   ][TypekitRepository::Import] Registered new 'MQueue' transport for /base/samples/BodyState
0.038 [ Info   ][TypekitRepository::Import] Registered new 'MQueue' transport for /base/samples/BoundingBox
0.038 [ Info   ][TypekitRepository::Import] Registered new 'MQueue' transport for /base/samples/DepthMap
0.038 [ Info   ][TypekitRepository::Import] Registered new 'MQueue' transport for /base/samples/DistanceImage
0.038 [ Info   ][TypekitRepository::Import] Registered new 'MQueue' transport for /base/samples/Event
0.038 [ Info   ][TypekitRepository::Import] Registered new 'MQueue' transport for /base/samples/EventArray
0.038 [ Info   ][TypekitRepository::Import] Registered new 'MQueue' transport for /base/samples/IMUSensors
0.038 [ Info   ][TypekitRepository::Import] Registered new 'MQueue' transport for /base/samples/Joints
0.038 [ Info   ][TypekitRepository::Import] Registered new 'MQueue' transport for /base/samples/LaserScan
0.038 [ Info   ][TypekitRepository::Import] Registered new 'MQueue' transport for /base/samples/Motion2D
0.038 [ Info   ][TypekitRepository::Import] Registered new 'MQueue' transport for /base/samples/OrientedBoundingBox
0.038 [ Info   ][TypekitRepository::Import] Registered new 'MQueue' transport for /base/samples/Pointcloud
0.038 [ Info   ][TypekitRepository::Import] Registered new 'MQueue' transport for /base/samples/PoseWithCovariance
0.038 [ Info   ][TypekitRepository::Import] Registered new 'MQueue' transport for /base/samples/Pressure
0.038 [ Info   ][TypekitRepository::Import] Registered new 'MQueue' transport for /base/samples/RigidBodyAcceleration
0.038 [ Info   ][TypekitRepository::Import] Registered new 'MQueue' transport for /base/samples/RigidBodyState
0.038 [ Info   ][TypekitRepository::Import] Registered new 'MQueue' transport for /base/samples/RigidBodyStateSE3
0.039 [ Info   ][TypekitRepository::Import] Registered new 'MQueue' transport for /base/samples/RigidBodyStateSE3Vector
0.039 [ Info   ][TypekitRepository::Import] Registered new 'MQueue' transport for /base/samples/Sonar
0.039 [ Info   ][TypekitRepository::Import] Registered new 'MQueue' transport for /base/samples/SonarBeam
0.039 [ Info   ][TypekitRepository::Import] Registered new 'MQueue' transport for /base/samples/SonarScan
0.039 [ Info   ][TypekitRepository::Import] Registered new 'MQueue' transport for /base/samples/Temperature
0.039 [ Info   ][TypekitRepository::Import] Registered new 'MQueue' transport for /base/samples/Twist
0.039 [ Info   ][TypekitRepository::Import] Registered new 'MQueue' transport for /base/samples/Wrench
0.039 [ Info   ][TypekitRepository::Import] Registered new 'MQueue' transport for /base/samples/Wrenches
0.039 [ Info   ][TypekitRepository::Import] Registered new 'MQueue' transport for /base/samples/frame/Frame
0.039 [ Info   ][TypekitRepository::Import] Registered new 'MQueue' transport for /base/samples/frame/FramePair
0.039 [ Info   ][TypekitRepository::Import] Registered new 'MQueue' transport for /base/samples/frame/frame_mode_t
0.039 [ Info   ][TypekitRepository::Import] Registered new 'MQueue' transport for /std/string
0.039 [ Info   ][TypekitRepository::Import] Registered new 'MQueue' transport for /std/vector</base/Time>
0.039 [ Info   ][TypekitRepository::Import] Registered new 'MQueue' transport for /std/vector</base/Trajectory>
0.039 [ Info   ][TypekitRepository::Import] Registered new 'MQueue' transport for /std/vector</base/Vector3d>
0.039 [ Info   ][TypekitRepository::Import] Registered new 'MQueue' transport for /std/vector</base/Vector4d>
0.039 [ Info   ][TypekitRepository::Import] Registered new 'MQueue' transport for /std/vector</base/Waypoint>
0.039 [ Info   ][TypekitRepository::Import] Registered new 'MQueue' transport for /std/vector</base/samples/BoundingBox>
0.039 [ Info   ][TypekitRepository::Import] Registered new 'MQueue' transport for /std/vector</base/samples/OrientedBoundingBox>
0.039 [ Info   ][TypekitRepository::Import] Registered new 'MQueue' transport for /std/vector</std/string>
0.039 [ Info   ][TypekitRepository::Import] Registered new 'MQueue' transport for /std/vector</uint32_t>
0.039 [ Info   ][TypekitRepository::Import] Loading Transport Typelib:///orogen/base.
0.056 [ Info   ][TypekitRepository::Import] Registered new 'Typelib' transport for /RTT/extras/ReadOnlyPointer</base/samples/frame/Frame>
0.056 [ Info   ][TypekitRepository::Import] Registered new 'Typelib' transport for /RTT/extras/ReadOnlyPointer</base/samples/frame/FramePair>
0.056 [ Info   ][TypekitRepository::Import] Registered new 'Typelib' transport for /base/Acceleration
0.056 [ Info   ][TypekitRepository::Import] Registered new 'Typelib' transport for /base/Affine3d
0.056 [ Info   ][TypekitRepository::Import] Registered new 'Typelib' transport for /base/Angle
0.056 [ Info   ][TypekitRepository::Import] Registered new 'Typelib' transport for /base/AngleAxisd
0.057 [ Info   ][TypekitRepository::Import] Registered new 'Typelib' transport for /base/JointLimits
0.057 [ Info   ][TypekitRepository::Import] Registered new 'Typelib' transport for /base/JointState
0.057 [ Info   ][TypekitRepository::Import] Registered new 'Typelib' transport for /base/JointState/MODE
0.057 [ Info   ][TypekitRepository::Import] Registered new 'Typelib' transport for /base/JointTransform
0.057 [ Info   ][TypekitRepository::Import] Registered new 'Typelib' transport for /base/JointTransformVector
0.057 [ Info   ][TypekitRepository::Import] Registered new 'Typelib' transport for /base/JointsTrajectory
0.057 [ Info   ][TypekitRepository::Import] Registered new 'Typelib' transport for /base/Matrix2d
0.057 [ Info   ][TypekitRepository::Import] Registered new 'Typelib' transport for /base/Matrix3d
0.057 [ Info   ][TypekitRepository::Import] Registered new 'Typelib' transport for /base/Matrix4d
0.057 [ Info   ][TypekitRepository::Import] Registered new 'Typelib' transport for /base/Matrix6d
0.057 [ Info   ][TypekitRepository::Import] Registered new 'Typelib' transport for /base/MatrixXd
0.057 [ Info   ][TypekitRepository::Import] Registered new 'Typelib' transport for /base/Pose
0.057 [ Info   ][TypekitRepository::Import] Registered new 'Typelib' transport for /base/Pressure
0.057 [ Info   ][TypekitRepository::Import] Registered new 'Typelib' transport for /base/Quaterniond
0.057 [ Info   ][TypekitRepository::Import] Registered new 'Typelib' transport for /base/Temperature
0.057 [ Info   ][TypekitRepository::Import] Registered new 'Typelib' transport for /base/Time
0.057 [ Info   ][TypekitRepository::Import] Registered new 'Typelib' transport for /base/Trajectory
0.057 [ Info   ][TypekitRepository::Import] Registered new 'Typelib' transport for /base/TransformWithCovariance
0.057 [ Info   ][TypekitRepository::Import] Registered new 'Typelib' transport for /base/Twist
0.057 [ Info   ][TypekitRepository::Import] Registered new 'Typelib' transport for /base/TwistWithCovariance
0.057 [ Info   ][TypekitRepository::Import] Registered new 'Typelib' transport for /base/Vector2d
0.057 [ Info   ][TypekitRepository::Import] Registered new 'Typelib' transport for /base/Vector3d
0.057 [ Info   ][TypekitRepository::Import] Registered new 'Typelib' transport for /base/Vector4d
0.057 [ Info   ][TypekitRepository::Import] Registered new 'Typelib' transport for /base/Vector6d
0.057 [ Info   ][TypekitRepository::Import] Registered new 'Typelib' transport for /base/VectorXd
0.057 [ Info   ][TypekitRepository::Import] Registered new 'Typelib' transport for /base/Waypoint
0.057 [ Info   ][TypekitRepository::Import] Registered new 'Typelib' transport for /base/Wrench
0.057 [ Info   ][TypekitRepository::Import] Registered new 'Typelib' transport for /base/commands/LinearAngular6DCommand
0.057 [ Info   ][TypekitRepository::Import] Registered new 'Typelib' transport for /base/commands/Motion2D
0.057 [ Info   ][TypekitRepository::Import] Registered new 'Typelib' transport for /base/commands/Speed6D
0.057 [ Info   ][TypekitRepository::Import] Registered new 'Typelib' transport for /base/geometry/Spline<1>
0.057 [ Info   ][TypekitRepository::Import] Registered new 'Typelib' transport for /base/geometry/Spline<3>
0.057 [ Info   ][TypekitRepository::Import] Registered new 'Typelib' transport for /base/samples/Acceleration
0.057 [ Info   ][TypekitRepository::Import] Registered new 'Typelib' transport for /base/samples/BodyState
0.057 [ Info   ][TypekitRepository::Import] Registered new 'Typelib' transport for /base/samples/BoundingBox
0.057 [ Info   ][TypekitRepository::Import] Registered new 'Typelib' transport for /base/samples/DepthMap
0.057 [ Info   ][TypekitRepository::Import] Registered new 'Typelib' transport for /base/samples/DistanceImage
0.057 [ Info   ][TypekitRepository::Import] Registered new 'Typelib' transport for /base/samples/Event
0.057 [ Info   ][TypekitRepository::Import] Registered new 'Typelib' transport for /base/samples/EventArray
0.057 [ Info   ][TypekitRepository::Import] Registered new 'Typelib' transport for /base/samples/IMUSensors
0.057 [ Info   ][TypekitRepository::Import] Registered new 'Typelib' transport for /base/samples/Joints
0.057 [ Info   ][TypekitRepository::Import] Registered new 'Typelib' transport for /base/samples/LaserScan
0.057 [ Info   ][TypekitRepository::Import] Registered new 'Typelib' transport for /base/samples/Motion2D
0.057 [ Info   ][TypekitRepository::Import] Registered new 'Typelib' transport for /base/samples/OrientedBoundingBox
0.057 [ Info   ][TypekitRepository::Import] Registered new 'Typelib' transport for /base/samples/Pointcloud
0.058 [ Info   ][TypekitRepository::Import] Registered new 'Typelib' transport for /base/samples/PoseWithCovariance
0.058 [ Info   ][TypekitRepository::Import] Registered new 'Typelib' transport for /base/samples/Pressure
0.058 [ Info   ][TypekitRepository::Import] Registered new 'Typelib' transport for /base/samples/RigidBodyAcceleration
0.058 [ Info   ][TypekitRepository::Import] Registered new 'Typelib' transport for /base/samples/RigidBodyState
0.058 [ Info   ][TypekitRepository::Import] Registered new 'Typelib' transport for /base/samples/RigidBodyStateSE3
0.058 [ Info   ][TypekitRepository::Import] Registered new 'Typelib' transport for /base/samples/RigidBodyStateSE3Vector
0.058 [ Info   ][TypekitRepository::Import] Registered new 'Typelib' transport for /base/samples/Sonar
0.058 [ Info   ][TypekitRepository::Import] Registered new 'Typelib' transport for /base/samples/SonarBeam
0.058 [ Info   ][TypekitRepository::Import] Registered new 'Typelib' transport for /base/samples/SonarScan
0.058 [ Info   ][TypekitRepository::Import] Registered new 'Typelib' transport for /base/samples/Temperature
0.058 [ Info   ][TypekitRepository::Import] Registered new 'Typelib' transport for /base/samples/Twist
0.058 [ Info   ][TypekitRepository::Import] Registered new 'Typelib' transport for /base/samples/Wrench
0.058 [ Info   ][TypekitRepository::Import] Registered new 'Typelib' transport for /base/samples/Wrenches
0.058 [ Info   ][TypekitRepository::Import] Registered new 'Typelib' transport for /base/samples/frame/Frame
0.058 [ Info   ][TypekitRepository::Import] Registered new 'Typelib' transport for /base/samples/frame/FramePair
0.058 [ Info   ][TypekitRepository::Import] Registered new 'Typelib' transport for /base/samples/frame/frame_mode_t
0.058 [ Info   ][TypekitRepository::Import] Registered new 'Typelib' transport for /std/vector</base/Time>
0.058 [ Info   ][TypekitRepository::Import] Registered new 'Typelib' transport for /std/vector</base/Trajectory>
0.058 [ Info   ][TypekitRepository::Import] Registered new 'Typelib' transport for /std/vector</base/Vector3d>
0.058 [ Info   ][TypekitRepository::Import] Registered new 'Typelib' transport for /std/vector</base/Vector4d>
0.058 [ Info   ][TypekitRepository::Import] Registered new 'Typelib' transport for /std/vector</base/Waypoint>
0.058 [ Info   ][TypekitRepository::Import] Registered new 'Typelib' transport for /std/vector</base/samples/BoundingBox>
0.058 [ Info   ][TypekitRepository::Import] Registered new 'Typelib' transport for /std/vector</base/samples/OrientedBoundingBox>
0.058 [ Info   ][TypekitRepository::Import] Registered new 'Typelib' transport for /std/vector</std/string>
0.058 [ Info   ][TypekitRepository::Import] Registered new 'Typelib' transport for /std/vector</uint32_t>
0.058 [ Info   ][TypekitRepository::Import] Loading Typekit gps_base.
0.062 [ Info   ][TypekitRepository::Import] Loading Transport CORBA:///orogen/gps_base.
0.062 [ Info   ][TypekitRepository::Import] Registered new 'CORBA' transport for /gps_base/CONSTELLATIONS
0.062 [ Info   ][TypekitRepository::Import] Registered new 'CORBA' transport for /gps_base/ConstellationInfo
0.062 [ Info   ][TypekitRepository::Import] Registered new 'CORBA' transport for /gps_base/Errors
0.062 [ Info   ][TypekitRepository::Import] Registered new 'CORBA' transport for /gps_base/GPS_SOLUTION_TYPES
0.062 [ Info   ][TypekitRepository::Import] Registered new 'CORBA' transport for /gps_base/Position
0.062 [ Info   ][TypekitRepository::Import] Registered new 'CORBA' transport for /gps_base/Satellite
0.062 [ Info   ][TypekitRepository::Import] Registered new 'CORBA' transport for /gps_base/SatelliteInfo
0.062 [ Info   ][TypekitRepository::Import] Registered new 'CORBA' transport for /gps_base/Solution
0.062 [ Info   ][TypekitRepository::Import] Registered new 'CORBA' transport for /gps_base/SolutionQuality
0.062 [ Info   ][TypekitRepository::Import] Registered new 'CORBA' transport for /gps_base/Time
0.062 [ Info   ][TypekitRepository::Import] Registered new 'CORBA' transport for /gps_base/UTMConversionParameters
0.062 [ Info   ][TypekitRepository::Import] Registered new 'CORBA' transport for /gps_base/UserDynamics
0.062 [ Info   ][TypekitRepository::Import] Registered new 'CORBA' transport for /std/vector</gps_base/Satellite>
0.062 [ Info   ][TypekitRepository::Import] Registered new 'CORBA' transport for /std/vector</int32_t>
0.064 [ Info   ][TypekitRepository::Import] Loading Transport MQueue:///orogen/gps_base.
0.064 [ Info   ][TypekitRepository::Import] Registered new 'MQueue' transport for /gps_base/CONSTELLATIONS
0.064 [ Info   ][TypekitRepository::Import] Registered new 'MQueue' transport for /gps_base/ConstellationInfo
0.064 [ Info   ][TypekitRepository::Import] Registered new 'MQueue' transport for /gps_base/Errors
0.064 [ Info   ][TypekitRepository::Import] Registered new 'MQueue' transport for /gps_base/GPS_SOLUTION_TYPES
0.064 [ Info   ][TypekitRepository::Import] Registered new 'MQueue' transport for /gps_base/Position
0.065 [ Info   ][TypekitRepository::Import] Registered new 'MQueue' transport for /gps_base/Satellite
0.065 [ Info   ][TypekitRepository::Import] Registered new 'MQueue' transport for /gps_base/SatelliteInfo
0.065 [ Info   ][TypekitRepository::Import] Registered new 'MQueue' transport for /gps_base/Solution
0.065 [ Info   ][TypekitRepository::Import] Registered new 'MQueue' transport for /gps_base/SolutionQuality
0.065 [ Info   ][TypekitRepository::Import] Registered new 'MQueue' transport for /gps_base/Time
0.065 [ Info   ][TypekitRepository::Import] Registered new 'MQueue' transport for /gps_base/UTMConversionParameters
0.065 [ Info   ][TypekitRepository::Import] Registered new 'MQueue' transport for /gps_base/UserDynamics
0.065 [ Info   ][TypekitRepository::Import] Registered new 'MQueue' transport for /std/vector</gps_base/Satellite>
0.065 [ Info   ][TypekitRepository::Import] Registered new 'MQueue' transport for /std/vector</int32_t>
0.065 [ Info   ][TypekitRepository::Import] Loading Transport Typelib:///orogen/gps_base.
0.066 [ Info   ][TypekitRepository::Import] Registered new 'Typelib' transport for /gps_base/CONSTELLATIONS
0.066 [ Info   ][TypekitRepository::Import] Registered new 'Typelib' transport for /gps_base/ConstellationInfo
0.066 [ Info   ][TypekitRepository::Import] Registered new 'Typelib' transport for /gps_base/Errors
0.066 [ Info   ][TypekitRepository::Import] Registered new 'Typelib' transport for /gps_base/GPS_SOLUTION_TYPES
0.066 [ Info   ][TypekitRepository::Import] Registered new 'Typelib' transport for /gps_base/Position
0.066 [ Info   ][TypekitRepository::Import] Registered new 'Typelib' transport for /gps_base/Satellite
0.066 [ Info   ][TypekitRepository::Import] Registered new 'Typelib' transport for /gps_base/SatelliteInfo
0.067 [ Info   ][TypekitRepository::Import] Registered new 'Typelib' transport for /gps_base/Solution
0.067 [ Info   ][TypekitRepository::Import] Registered new 'Typelib' transport for /gps_base/SolutionQuality
0.067 [ Info   ][TypekitRepository::Import] Registered new 'Typelib' transport for /gps_base/Time
0.067 [ Info   ][TypekitRepository::Import] Registered new 'Typelib' transport for /gps_base/UTMConversionParameters
0.067 [ Info   ][TypekitRepository::Import] Registered new 'Typelib' transport for /gps_base/UserDynamics
0.067 [ Info   ][TypekitRepository::Import] Registered new 'Typelib' transport for /std/vector</gps_base/Satellite>
0.067 [ Info   ][TypekitRepository::Import] Registered new 'Typelib' transport for /std/vector</int32_t>
0.067 [ Info   ][TypekitRepository::Import] Loading Typekit rock_gazebo.
0.068 [ Info   ][TypekitRepository::Import] Loading Transport CORBA:///orogen/rock_gazebo.
0.068 [ Info   ][TypekitRepository::Import] Registered new 'CORBA' transport for /rock_gazebo/IMUReference
0.068 [ Info   ][TypekitRepository::Import] Registered new 'CORBA' transport for /std/vector</rock_gazebo/JointExport>
0.068 [ Info   ][TypekitRepository::Import] Registered new 'CORBA' transport for /std/vector</rock_gazebo/LinkExport>
0.069 [ Info   ][TypekitRepository::Import] Loading Transport MQueue:///orogen/rock_gazebo.
0.069 [ Info   ][TypekitRepository::Import] Registered new 'MQueue' transport for /rock_gazebo/IMUReference
0.070 [ Info   ][TypekitRepository::Import] Registered new 'MQueue' transport for /std/vector</rock_gazebo/JointExport>
0.070 [ Info   ][TypekitRepository::Import] Registered new 'MQueue' transport for /std/vector</rock_gazebo/LinkExport>
0.070 [ Info   ][TypekitRepository::Import] Loading Transport Typelib:///orogen/rock_gazebo.
0.071 [ Info   ][TypekitRepository::Import] Registered new 'Typelib' transport for /rock_gazebo/IMUReference
0.071 [ Info   ][TypekitRepository::Import] Registered new 'Typelib' transport for /std/vector</rock_gazebo/JointExport>
0.071 [ Info   ][TypekitRepository::Import] Registered new 'Typelib' transport for /std/vector</rock_gazebo/LinkExport>
0.071 [ Info   ][TypekitRepository::Import] Loading Typekit logger.
0.072 [ Info   ][TypekitRepository::Import] Loading Transport CORBA:///orogen/logger.
0.072 [ Info   ][TypekitRepository::Import] Registered new 'CORBA' transport for /logger/Annotations
0.072 [ Info   ][TypekitRepository::Import] Registered new 'CORBA' transport for /logger/Marker
0.072 [ Info   ][TypekitRepository::Import] Registered new 'CORBA' transport for /std/vector</logger/StreamMetadata>
0.072 [ Info   ][TypekitRepository::Import] Loading Transport MQueue:///orogen/logger.
0.072 [ Info   ][TypekitRepository::Import] Registered new 'MQueue' transport for /logger/Annotations
0.072 [ Info   ][TypekitRepository::Import] Registered new 'MQueue' transport for /logger/Marker
0.072 [ Info   ][TypekitRepository::Import] Registered new 'MQueue' transport for /std/vector</logger/StreamMetadata>
0.072 [ Info   ][TypekitRepository::Import] Loading Transport Typelib:///orogen/logger.
0.073 [ Info   ][TypekitRepository::Import] Registered new 'Typelib' transport for /logger/Annotations
0.073 [ Info   ][TypekitRepository::Import] Registered new 'Typelib' transport for /logger/Marker
0.073 [ Info   ][TypekitRepository::Import] Registered new 'Typelib' transport for /std/vector</logger/StreamMetadata>
0.487 [ Info   ][Thread] Creating Thread for scheduler=ORO_SCHED_OTHER, priority=1, CPU affinity=0, with name='logger::Logger'
0.487 [ Info   ][logger::Logger] Thread created with scheduler type 'ORO_SCHED_OTHER', priority 0, cpu affinity 255 and period 0 (PID= 35112 ).
0.491 [ Info   ][Thread] Creating Thread for scheduler=ORO_SCHED_OTHER, priority=1, CPU affinity=0, with name='Activity'
0.491 [ Info   ][Activity] Thread created with scheduler type 'ORO_SCHED_OTHER', priority 0, cpu affinity 255 and period 0 (PID= 35113 ).
0.491 [ Info   ][rock-gazebo] Creating new TaskContextServer for gazebo:empty_world_Logger
0.493 [ Info   ][TaskContextServer()] CTaskContext 'gazebo:empty_world_Logger' found CORBA Naming Service.
0.494 [ Warning][TaskContextServer()] CTaskContext 'gazebo:empty_world_Logger' already bound to CORBA Naming Service.
0.494 [ Warning][TaskContextServer()] Trying to rebind... done. New CTaskContext bound to Naming Service.
0.494 [ Info   ][Thread] Creating Thread for scheduler=ORO_SCHED_OTHER, priority=1, CPU affinity=0, with name='gazebo:empty_world_LoggerCorba'
0.495 [ Info   ][gazebo:empty_world_LoggerCorba] Thread created with scheduler type 'ORO_SCHED_OTHER', priority 0, cpu affinity 255 and period 0 (PID= 35115 ).
0.495 [ Info   ][rock-gazebo] Started gazebo:empty_world_LoggerCorba.
0.496 [ Info   ][Thread] Creating Thread for scheduler=ORO_SCHED_OTHER, priority=1, CPU affinity=0, with name='gazebo::WorldTask'
0.497 [ Info   ][gazebo::WorldTask] Thread created with scheduler type 'ORO_SCHED_OTHER', priority 0, cpu affinity 255 and period 0 (PID= 35116 ).
0.500 [ Info   ][rock-gazebo] Creating new TaskContextServer for gazebo:empty_world
0.500 [ Info   ][TaskContextServer()] CTaskContext 'gazebo:empty_world' found CORBA Naming Service.
0.500 [ Warning][TaskContextServer()] CTaskContext 'gazebo:empty_world' already bound to CORBA Naming Service.
0.500 [ Warning][TaskContextServer()] Trying to rebind... done. New CTaskContext bound to Naming Service.
0.500 [ Info   ][Thread] Creating Thread for scheduler=ORO_SCHED_OTHER, priority=1, CPU affinity=0, with name='gazebo:empty_worldCorba'
0.501 [ Info   ][gazebo:empty_worldCorba] Thread created with scheduler type 'ORO_SCHED_OTHER', priority 0, cpu affinity 255 and period 0 (PID= 35117 ).
0.501 [ Info   ][rock-gazebo] Started gazebo:empty_worldCorba.
0.501 [ Info   ][Thread] Creating Thread for scheduler=ORO_SCHED_OTHER, priority=1, CPU affinity=0, with name='gazebo::ModelTask'
0.501 [ Info   ][gazebo::ModelTask] Thread created with scheduler type 'ORO_SCHED_OTHER', priority 0, cpu affinity 255 and period 0 (PID= 35118 ).
0.507 [ Info   ][rock-gazebo] Creating new TaskContextServer for gazebo:empty_world:ur10_fixed
0.507 [ Info   ][TaskContextServer()] CTaskContext 'gazebo:empty_world:ur10_fixed' found CORBA Naming Service.
0.508 [ Warning][TaskContextServer()] CTaskContext 'gazebo:empty_world:ur10_fixed' already bound to CORBA Naming Service.
0.508 [ Warning][TaskContextServer()] Trying to rebind... done. New CTaskContext bound to Naming Service.
0.508 [ Info   ][Thread] Creating Thread for scheduler=ORO_SCHED_OTHER, priority=1, CPU affinity=0, with name='gazebo:empty_world:ur10_fixedCorba'
0.509 [ Info   ][gazebo:empty_world:ur10_fixedCorba] Thread created with scheduler type 'ORO_SCHED_OTHER', priority 0, cpu affinity 255 and period 0 (PID= 35119 ).
0.509 [ Info   ][rock-gazebo] Started gazebo:empty_world:ur10_fixedCorba.
0.513 [ Info   ][Thread] Creating Thread for scheduler=ORO_SCHED_OTHER, priority=1, CPU affinity=0, with name='gazebo::ModelTask'
0.513 [ Info   ][gazebo::ModelTask] Thread created with scheduler type 'ORO_SCHED_OTHER', priority 0, cpu affinity 255 and period 0 (PID= 35120 ).
0.513 [ Info   ][rock-gazebo] Creating new TaskContextServer for gazebo:empty_world:ground_plane
0.513 [ Info   ][TaskContextServer()] CTaskContext 'gazebo:empty_world:ground_plane' found CORBA Naming Service.
0.514 [ Warning][TaskContextServer()] CTaskContext 'gazebo:empty_world:ground_plane' already bound to CORBA Naming Service.
0.514 [ Warning][TaskContextServer()] Trying to rebind... done. New CTaskContext bound to Naming Service.
0.514 [ Info   ][Thread] Creating Thread for scheduler=ORO_SCHED_OTHER, priority=1, CPU affinity=0, with name='gazebo:empty_world:ground_planeCorba'
0.514 [ Info   ][gazebo:empty_world:ground_planeCorba] Thread created with scheduler type 'ORO_SCHED_OTHER', priority 0, cpu affinity 255 and period 0 (PID= 35121 ).
0.514 [ Info   ][rock-gazebo] Started gazebo:empty_world:ground_planeCorba.
1.027 [ Info   ][Thread] Creating Thread for scheduler=ORO_SCHED_OTHER, priority=1, CPU affinity=0, with name='GlobalEngine'
1.027 [ Info   ][GlobalEngine] Thread created with scheduler type 'ORO_SCHED_OTHER', priority 0, cpu affinity 255 and period 0 (PID= 35129 ).
